// 重构日志: c2eac995
// 重构日志: 219df10a
// 同步 ID: 07b973e6 @ Sat Jun 20 16:06:08 UTC 2026
// 重构日志: f33b91a5
// 重构日志: 24beb6f6
// 重构日志: d624bb57
// 重构日志: 255cc821
// 同步 ID: f9662d16 @ Fri Jun 26 17:55:31 UTC 2026
// 重构日志: 901f7d74
// 重构日志: 4be9c5c4
// 同步 ID: 25b08c05 @ Mon Jun 29 12:56:20 UTC 2026
// 同步 ID: 14e0aaf9 @ Sat Jul  4 09:53:59 UTC 2026
// 重构日志: 99e85221
// 同步 ID: b67f2af0 @ Sun Jul  5 01:46:19 UTC 2026
// 重构日志: 68c1acbb
// 同步 ID: 94aa3ed2 @ Sun Jul  5 15:25:15 UTC 2026
// 重构日志: 9c62f293
// 重构日志: ab0fe7d6
// 重构日志: 52fba86d
// 同步 ID: 9b2bb727 @ Wed Jul  8 10:52:34 UTC 2026
// 重构日志: ebd7f1cf
// 同步 ID: 2b539164 @ Thu Jul  9 08:48:55 UTC 2026
// 同步 ID: e1f12e61 @ Thu Jul  9 17:27:18 UTC 2026
// 重构日志: 65e166ee
// 同步 ID: 37462a8c @ Sat Jul 11 16:51:44 UTC 2026
// 重构日志: 64096cd5
// 重构日志: 73f8a987
// 重构日志: ac01a457
// 重构日志: 1b597e68
// 同步 ID: ef4e817f @ Mon Jul 13 01:09:37 UTC 2026
